Example app listening at http://:::8080
When people realize what the names on my shirt mean, I get a lot of dirty looks. #BlackLivesMatter
RT @TreesDanceAlone: .@BernieSanders on Black Rights https://t.co/PfeaYD7Q6w #FeelTheBern  #NotMeUs  #BlackLivesMatter
RT @americnhumanist: "There's no progress without confrontation." @SinKirabo on #BlackLivesMatter movement @ssjcon #SSJCon https://t.co/Apu…
San Francisco police recite pledge to root out intolerance - https://t.co/Qa4UCcLb23

#BlackLivesMatter  https://t.co/KaA1ayPJKE
A movie made us wanna #changetheworld. Here's why https://t.co/wtS03Vxe3A #inspiring #mlk #justice #blacklivesmatter https://t.co/XZnNhcNORR
RT @Teapublicanways: #NotMeUs  https://t.co/XW9VIUSqNv
#NotMeUs  https://t.co/6oPzp7CKic
RT @jonstefanski01: Bring on the big Bern!!!! Great work folks!!  #NotMeUs #FeelTheBern #BlackLivesMatter #IowaCaucus  https://t.co/S7o1pBf…
RT @TreesDanceAlone: .@BernieSanders on Black Rights https://t.co/PfeaYD7Q6w #FeelTheBern  #NotMeUs  #BlackLivesMatter
RT @myfoxaustin: RT KVRNews "RT alaaomarabi: "San Antonio is just like Ferguson" Mike Lowe #BlackLivesMatter #MillionsMarchTexas kv… https:…
RT @DeePort28: No time for #NoWeCant moderates! Humble ourselves &amp; stand with #BlackLivesMatter &amp; fight the police state. #NotMeUs https://…
RT @Teapublicanways: #NotMeUs  https://t.co/XW9VIUSqNv
RT @1BlackLight: #justiceformariowoods 
#blacklivesmatter @ Super Bowl 50 https://t.co/OwgrM6ydbk
RT @Mr_ItIsOurDuty: ✊🏾✊🏾✊🏾#BlackLivesMatter in TEXAS #millionsmarchTexas https://t.co/yapikwFkuQ
RT @ambiguitweets: At @NewberryLibrary we've put out a call for materials from  #BlackLivesMatter protests. Info (PDF, 488KB): https://t.co…
RT @silveroak77: @alix331 Alix Jules: people criticize #blacklivesmatter when they aren't invisible - when they are inconvenient. #SSJCon
RT @tigerbeat: #SB50 @Justice4MWNow ending #MarioWoods march #NoJusticeNoSuperBowl nr march #SuperBowlCity #blacklivesmatter https://t.co/a…
Awesome silent protest inside Super Bowl City for #MarioWoods #blacklivesmatter #sb50 #sf #SuperBowlCity https://t.co/iJwTFrHyNt
RT @khaledfilms: #JusticeForMarioWoods protesters. #blacklivesmatter #sb50 https://t.co/7WFRAQP8AN
RT @BeautyBind: San Francisco police recite pledge to root out intolerance - https://t.co/Qa4UCcLb23

#BlackLivesMatter  https://t.co/KaA1a…
yo @TheGeneralMH you're dope #blacklivesmatter
RT @profesortbaker: #BlackLivesMatter: From Holocaust to Lynching to Liberation by Thomas Jerome... https://t.co/70wvFCKIi8 #ASMSG #BlackHi…
RT @tigerbeat: More #NoJusticeNoSuperBowl #SB50 photos https://t.co/LVToyB4kxF #MarioWoods #sfpd #SuperBowlCity #BlackLivesMatter https://t…
It is scary to listen to Bernie/Hillary supporters bash each other. The stakes are so high  https://t.co/0HEMHvbh1F
RT @JohnSteen: Awesome silent protest inside Super Bowl City for #MarioWoods #blacklivesmatter #sb50 #sf #SuperBowlCity https://t.co/iJwTFr…
RT @ItsCasanova_: #BlackLivesMatter 😤 http://t.co/Q1vE6ovGW6
Comrades startin shit in SF #blacklivesmatter #yes #shutitdown @… https://t.co/BOLKCNxKWA
RT @JohnSteen: Awesome silent protest inside Super Bowl City for #MarioWoods #blacklivesmatter #sb50 #sf #SuperBowlCity https://t.co/iJwTFr…
RT @ShunyaShambu: #justice4mariowoods #BlackLivesMatter https://t.co/LVOluwCrxG
RT @ambiguitweets: At @NewberryLibrary we've put out a call for materials from  #BlackLivesMatter protests. Info (PDF, 488KB): https://t.co…
RT @ShunyaShambu: #BlackLivesMatter #JusticeForMarioWoods https://t.co/R0GVOOp53b
RT @AurielEbonie: #GynnyaMcMillen
#BlackLivesMatter 
#BlackGirlsMatter https://t.co/m7KhUN3VgN
#Dank #blacklivesmatter #Donaldtrump #meme #cornbread #austism #downsydrome #edgy #furries #pranks #gonewrong #gone… https://t.co/KSpoqICW8u
#iowacaucus MARTIN LUTHER KING &amp; Black Lives Matter Laptop Decal  #p2 #BlackLivesMatter https://t.co/1Jx2y34o0U
just to give an example, the #blacklivesmatter shit comes off as so spiteful of cops and white people in general.
RT @BeautyBind: San Francisco police recite pledge to root out intolerance - https://t.co/Qa4UCcLb23

#BlackLivesMatter  https://t.co/KaA1a…
RT @Remroum: 'Empire' Star Jussie Smollett Reveals He Was Pressured Not to Speak Out on #BlackLivesMatter https://t.co/BDdZkzU81P via @dant…
@CoreyFarach Proof that #blacklivesmatter is a communist movement.
RT @Bernie4prezclip: #NotMeUs #Feelthebern @BernieSanders @KillerMike @ninaturner #BlackLivesMatter "Enough is Enough is Enough" https://t.…
#California #sanfrancisco #blacklivesmatter #policebrutality #RowPhotography… https://t.co/HyiPQA1HJt
@Roc_Icarus @HillbillyJeebus I'll support your revolution against the rich whites by cheering you on from the sidelines! #BlackLivesMatter
RT @BeautyBind: San Francisco police recite pledge to root out intolerance - https://t.co/Qa4UCcLb23

#BlackLivesMatter  https://t.co/KaA1a…
RT @jrivanob: #JusticeForMarioWoods rally inside Super Bowl City, less than third original size #SB50 #BlackLivesMatter https://t.co/NVxEYM…
#BlackLivesMatter https://t.co/TLL9eJjwZP
RT @SpaceCheef: #NotMeUs because it's time we have a national leader that steps up to the plate for ALL people
#BlackLivesMatter https://t.…
O Canada- O world- Pope Francis #blacklivesmatter  Drought threatens malnourished children in Ethiopia https://t.co/THcWFmntYk via @usnews
RT @4mysquad: To see young black women coming together in the face of these ignorant girls is a beautiful thing #BlackLivesMatter https://t…
RT @Obey_Dario_: This analogy.... #BlackLivesMatter https://t.co/X3XXmHaIMR
RT @Haleaziz: Ferry Building visitors looking on as #JusticeForMarioWoods crowd walks by chanting. #BlackLivesMatter https://t.co/pX2OTFejrm
Stumbled upon a #feelthebern rally in downtown NYC. Lots of #ocuppy and #blacklivesmatter folks… https://t.co/MEcnrryaux
@BeautyBind Report to the commissar any unapproved thought so the reactionary can be re-educated. #blacklivesmatter
RT @JohnSteen: Awesome silent protest inside Super Bowl City for #MarioWoods #blacklivesmatter #sb50 #sf #SuperBowlCity https://t.co/iJwTFr…
RT @Obey_Dario_: This analogy.... #BlackLivesMatter https://t.co/X3XXmHaIMR
RT @NOIaustin: Today!! Student Minister @BroMuhd speaks @ #MillionsMarchTexas #BlackLivesMatter #JusticeOrElse https://t.co/Cs8nWBknxH
But he's dating a black girl 🤔 https://t.co/YAe3oXaA3Q
Flint water crisis: 7 takeaways from CNN interview with Gov. Rick Snyder https://t.co/BrcfNDbhXp /They didn't didn't think #Blacklivesmatter
RT HumanistPundit: The complicated #Relationship between Evangelicals &amp; #BlackLivesMatter https://t.co/EHLtj7T6SD;… https://t.co/OYOzoLfH8R
RT @Haleaziz: Ferry Building visitors looking on as #JusticeForMarioWoods crowd walks by chanting. #BlackLivesMatter https://t.co/pX2OTFejrm
RT @DefiningAmerica: #BernieBlitz #Vote #BernieSanders and #FeeltheBern. #MillennialVote #VotoLatino #BlackLivesMatter #BlackBerners https:…
RT @Haleaziz: Corridor is going to be created to allow protestors to get through to Super Bowl City. #BlackLivesMatter https://t.co/avfGS3i…
RT @tigerbeat: #SB50 @Justice4MWNow ending #MarioWoods march #NoJusticeNoSuperBowl nr march #SuperBowlCity #blacklivesmatter https://t.co/a…
Check out Alicia Garza, co-founder of the #BlackLivesMatter movement, speaking today at LSU. https://m.facebook.c... https://t.co/IYgZvdv04U
RT @MitchWestphal: People are feeling the bern baby. @MarkRuffalo, @tommychong, the #BlackLivesMatter movement. GO BERN!! #FeelTheBern http…
VIDEO What Led To Flint, Michigan’s Poisoned Water? #blacklivesmatter #blacktwitter ► https://t.co/CDMpAnoTo8 https://t.co/6ghPifrI3T
@goblin126 If she was Black, It would look like a Bat! Just Sayin…   #BlackLivesMatter
RT @JohnSteen: Awesome silent protest inside Super Bowl City for #MarioWoods #blacklivesmatter #sb50 #sf #SuperBowlCity https://t.co/iJwTFr…
Valentine’s Day is not honorable to God, watch here. #valentines #IUIC #love #blacklivesmatter #hispanicwomen https://t.co/S2oo8gqbfj
RT @jrivanob: Minister Christopher Muhammad seeks to speak to officer in charge #JusticeForMarioWoods #BlackLivesMatter https://t.co/W5X3DA…
Fascinating history of @USDA-led dispossession of #AfricanAmerican farmers' land | #BlackLivesMatter https://t.co/I4avlxu4N2
😂😂😂 chill https://t.co/N5Ioa2SRot
RT @BeautyBind: San Francisco police recite pledge to root out intolerance - https://t.co/Qa4UCcLb23

#BlackLivesMatter  https://t.co/KaA1a…
RT @Haleaziz: "We have a God given right to speak truth to power!" #JusticeForMarioWoods #blacklivesmatter https://t.co/7jxFJavAR3
RT @Marland_X: #ClassWar 101. #StayWoke #Flint #FlintWaterCrisis #OpFlint #BlackLivesMatter #PoisonWater #ArrestGovernorSnyder https://t.co…
RT @prattlandia: #NotMeUs  https://t.co/6oPzp7CKic
RT @Haleaziz: "We have a God given right to speak truth to power!" #JusticeForMarioWoods #blacklivesmatter https://t.co/7jxFJavAR3
RT @Haleaziz: "We have a God given right to speak truth to power!" #JusticeForMarioWoods #blacklivesmatter https://t.co/7jxFJavAR3
RT @BarberaLoyd: Disgusted by authorities trying to take down @UmaKomptonMusic. a kind-hearted Christian girl just trying to make music. #B…
RT @Haleaziz: "We have a God given right to speak truth to power!" #JusticeForMarioWoods #blacklivesmatter https://t.co/7jxFJavAR3
mAsS gEnOcIdE https://t.co/8dFE0nNTVn
#JusticeForMarioWoods #BlackLivesMatter #Bernie #NotMeUs #SayTheirNames #BLM #PoliceTerror https://t.co/xedZxU3LG5 https://t.co/cCksozmNEy
We all know Hollywood is #OscarsSoWhite. Can we discuss the films as art? Also birth of a nation bought 4 17mil. #blacklivesmatter
RT @bmorestyle: #JusticeForGynnya #BlackLivesMatter #BlackGirlsMatter  #Kentucky https://t.co/Qofj5Zx6sE
RT @SpaceCheef: #NotMeUs because we deserve a nation &amp; #POTUS that WALKS the TALK
#BLM #BlackLivesMatter #Latinos #Asians etc. https://t.co…
#millionsmarchtexas #ATX #BlackLivesMatter ❤ #2016 https://t.co/jdu4vBCGsx
RT @Nessa_Bxo: #BlackLivesMatter #StayWokeUA #JusticeForUAlbany 👏🏾💪🏾✊🏾 it's bigger than just an hashtag https://t.co/ERptjt02oV
RT @clrom: People low in system justification more likely to support #BlackLivesMatter movement #SPSP2016
RT @khaledfilms: #JusticeForMarioWoods protesters. #blacklivesmatter #sb50 https://t.co/7WFRAQP8AN
RT @bmorestyle: #JusticeForGynnya #BlackLivesMatter #BlackGirlsMatter  #Kentucky https://t.co/Qofj5Zx6sE
RT @khaledfilms: #JusticeForMarioWoods protesters. #blacklivesmatter #sb50 https://t.co/7WFRAQP8AN
RT @Haleaziz: Ferry Building visitors looking on as #JusticeForMarioWoods crowd walks by chanting. #BlackLivesMatter https://t.co/pX2OTFejrm
RT @ComplexMag: The rise and fall of Shaun King, a former #BlackLivesMatter leader. https://t.co/uvbv36J1zc https://t.co/IJ57eQTNYs
RT @JohnSteen: Awesome silent protest inside Super Bowl City for #MarioWoods #blacklivesmatter #sb50 #sf #SuperBowlCity https://t.co/iJwTFr…
RT @myfoxaustin: RT KVRNews "RT alaaomarabi: "San Antonio is just like Ferguson" Mike Lowe #BlackLivesMatter #MillionsMarchTexas kv… https:…
RT @Haleaziz: "We have a God given right to speak truth to power!" #JusticeForMarioWoods #blacklivesmatter https://t.co/7jxFJavAR3
RT @SandraALTX: #OscarsSoWhite #BlackLivesmatter boycott must include #Bernie2016  #Hillary #Democrats 
#tcot #Uniteblue #vote https://t.co…
RT @Bernie4prezclip: #NotMeUs #Feelthebern @BernieSanders @KillerMike @ninaturner #BlackLivesMatter "Enough is Enough is Enough" https://t.…
RT @Bernie4prezclip: #NotMeUs #Feelthebern @BernieSanders @KillerMike @ninaturner #BlackLivesMatter "Enough is Enough is Enough" https://t.…
@onetoughnerd @maddow The facts are out there. DO MORE NOW! Grocery stores need to be  in Flint! #FlintWaterCrisis #blacklivesmatter
#BlackLivesMatter https://t.co/PxRdYQ6O6f
RT @bmorestyle: #JusticeForGynnya #BlackLivesMatter #BlackGirlsMatter  #Kentucky https://t.co/Qofj5Zx6sE
RT @SandraALTX: #OscarsSoWhite #BlackLivesmatter boycott must include #Bernie2016  #Hillary #Democrats 
#tcot #Uniteblue #vote https://t.co…
#FeelTheBern - "I thought Sanders was bad for black people. These women changed my mind." https://t.co/FDhkvPsjZ4 #blacklivesmatter
RT @BarberaLoyd: Disgusted by authorities trying to take down @UmaKomptonMusic. a kind-hearted Christian girl just trying to make music. #B…
trilll https://t.co/Whtw2JJNYD
Also #Justice4MarioWoods #SayTheirNames #Superbowl50 #GentrificationIsForcedMigration #SanFrancisco #blacklivesmatter #shameOnMayorLee
#blacklivesmatter and @BernieSanders gets it. @DaphneeArana @2016FeelTheBern @FeelingBern @Women4Bernie #MLK https://t.co/ifzvltPwAe
RT @Bernie4prezclip: #NotMeUs #Feelthebern @BernieSanders @KillerMike @ninaturner #BlackLivesMatter "Enough is Enough is Enough" https://t.…
RT KateMaxwellArt: Justice for Mario Woods!#mariowoods #blacklivesmatter #protest #justice #superbowl… https://t.co/BqIyu6e1iD;
https://t.co/b1v8N6wNm4 aha yea tho cheeck it tho look https://t.co/cB0meucCf6
#iowacaucus DONKEY for President 2016 - Democrat - Bumper Sticker Vinyl Decal  #BLM #BlackLivesMatter https://t.co/ToXzgWvWJQ
RT @HnstyNgov: When Media (Politicians?) refer to America as a "Police State"~This is WHAT they are talking about #BlackLivesMatter https:/…
#iowacaucus  #Support #BLACKLIVESMATTER for a better #AMERICA #JUSTICE #JUSTICE #blacklivesmatter https://t.co/lpNEC6etMt
"I Thought [Bernie] Sanders Was Bad for Black People. These Women Changed My Mind." https://t.co/JiRm3pH7Hd  #DemDebate #BlackLivesMatter
RT @activist360: MURDERED: Guards use martial arts hold on 16-year-old #GynnyaMcMillen, wait 11 minutes to do CPR https://t.co/BSsVDvXNJG #…
RT @ShunyaShambu: @Asians4BlkLives #justice4mariowoods 
#BlackLivesMatter https://t.co/MqQVPf3BBS
RT @4mysquad: Dear white ppl! Please stop trying to make yourself oppressed
#BlackLivesMatter #Equality https://t.co/H7USlsLvzn
Really bummed I had to be working today. #feelthebern #election2016 #usnotme  https://t.co/Z0RKr65VzL
#BlackLivesMatter #WeAreBernie  Bernie Sanders Just Got One Of The Most Important Endorsements Of His Campaign https://t.co/j9grtnrDdY
RT @dianapereira771: @MyBlackMatters2 U know if a repub wins the agenda is2repeal ANYTHING Obama's done2make our lives a lil bit better htt…
RT @ShunyaShambu: @Asians4BlkLives #justice4mariowoods 
#BlackLivesMatter https://t.co/MqQVPf3BBS
RT @ShunyaShambu: @Asians4BlkLives #justice4mariowoods 
#BlackLivesMatter https://t.co/MqQVPf3BBS
RT @ShunyaShambu: @Asians4BlkLives #justice4mariowoods 
#BlackLivesMatter https://t.co/MqQVPf3BBS
Cam Newton and the Racism of NFL Fans: https://t.co/MT7uaeIG2F #RacismUSA #BlackLivesMatter
Cam Newton and the Racism of NFL Fans: https://t.co/It5aME2cE3 #RacismUSA #BlackLivesMatter
Cam Newton and the Racism of NFL Fans: https://t.co/MT7uaeIG2F #RacismUSA #BlackLivesMatter https://t.co/F9Erh2pFaC
Cam Newton and the Racism of NFL Fans: https://t.co/MT7uaeIG2F #RacismUSA #BlackLivesMatter https://t.co/AfMBVyUi1m
Cam Newton and the Racism of NFL Fans: https://t.co/It5aME2cE3 #RacismUSA #BlackLivesMatter https://t.co/0Ij6owRROD
RT @InsideOutsideNC: Durham takes over the streets #JusticeforMatthew #WeBelievePrisoners #NoMoreJailDeaths
#BlackLivesMatter https://t.co/…
RT @HVRabbit: @MisticaNiebla #Ferguson #WhitesLivesMatter #BlackLivesMatter, More #JusticeForJessica #WR http://t.co/LcJfwtjqST
RT @SandraALTX: #OscarsSoWhite #BlackLivesmatter boycott must include #Bernie2016  #Hillary #Democrats 
#tcot #Uniteblue #vote https://t.co…
RT @Nessa_Bxo: Well ... That's it? 🤔 #StayWokeUA #UAHateCrime #JusticeForUA #BlackLivesMatter #blacklivesWILLALWAYSmatter https://t.co/viBo…
RT @ShunyaShambu: @Asians4BlkLives #justice4mariowoods 
#BlackLivesMatter https://t.co/MqQVPf3BBS
RT @grenouf: #Occupy #IdleNoMore &amp; #BlackLivesMatter all the same labour leaders behind the curtain- Astroturf https://t.co/0vCg9gVTYw #cdn…
Rest in power to all our black youth who have been taking by this system! #blacklivesmatter #TEDxUTSC
RT @SandraALTX: #OscarsSoWhite #BlackLivesmatter boycott must include #Bernie2016  #Hillary #Democrats 
#tcot #Uniteblue #vote https://t.co…
RT @grenouf: #Occupy #IdleNoMore &amp; #BlackLivesMatter all the same labour leaders behind the curtain- Astroturf https://t.co/0vCg9gVTYw #cdn…
RT @flee_kayy: trilll https://t.co/Whtw2JJNYD
RT @activist360: MURDERED: Guards use martial arts hold on 16-year-old #GynnyaMcMillen, wait 11 minutes to do CPR https://t.co/BSsVDvXNJG #…
Thomas Carr - lynched today in 1893 in Kosciusko #Mississippi #BlackLivesMatter
RT @IfSheStans: If she stans ot4 of fifth harmony then she truly believes #blacklivesmatter
police block #JusticeForMarioWoods protesters. #blacklivesmatter #sb50 https://t.co/hIYyhI0UhF
RT @activist360: MURDERED: Guards use martial arts hold on 16-year-old #GynnyaMcMillen, wait 11 minutes to do CPR https://t.co/BSsVDvXNJG #…
RT @ItsCasanova_: #BlackLivesMatter 😤 http://t.co/Q1vE6ovGW6
Solidarity from #StLouis! Appreciate you speaking out &amp; standing up! 👊🏽#JusticeForMarioWoods #MarioWoods #AAPI #p2  https://t.co/WcFIcQ5YEk
RT @MitchWestphal: People are feeling the bern baby. @MarkRuffalo, @tommychong, the #BlackLivesMatter movement. GO BERN!! #FeelTheBern http…
RT @profesortbaker: #BlackLivesMatter: From Holocaust to Lynching to Liberation by Thomas Jerome... https://t.co/70wvFCKIi8 #ASMSG #BlackHi…
The rise and fall of Shaun King, former #BlackLivesMatter darling @NTRSCTN https://t.co/3gpTwdBD0P
RT @gregorycendana: Solidarity from #StLouis! Appreciate you speaking out &amp; standing up! 👊🏽#JusticeForMarioWoods #MarioWoods #AAPI #p2  htt…
RT @corruptcopsTX: Not much has changed. #FlintWaterCrisis #BlackLivesMatter https://t.co/4BJWHz5l7t
RT @BarberaLoyd: Disgusted by authorities trying to take down @UmaKomptonMusic. a kind-hearted Christian girl just trying to make music. #B…
RT @ShunyaShambu: @Asians4BlkLives #justice4mariowoods 
#BlackLivesMatter https://t.co/MqQVPf3BBS
RT @yunguzumaki: #ExposeARacist this #BlackHistoryMonth , eliminate hatred #BlackLivesMatter 
@llurking @EmilaDeneke https://t.co/jxR6PEykmh
RT @ggindc: It is scary to listen to Bernie/Hillary supporters bash each other. The stakes are so high  https://t.co/0HEMHvbh1F
RT @thedonfons: This type of shit needs to stop
#UAlbany #blacklivesmatter  https://t.co/qyoJHHtukg
Flint Weighs Scope of Harm to Children Caused by Lead in Water https://t.co/4fLR8SVWXr #BlackLivesMatter #BLM #FlintWaterCrisis
RT DrJ512 #millionsmarchtexas #ATX #BlackLivesMatter ❤ #2016 https://t.co/gnAwGNtXoy
To give you a sense of the scene -- protestors holding signs while SB City attendees hanging out. #blacklivesmatter https://t.co/Nbs4TeXBRq
RT @skinnyjeanius: Seeking Asylum. Because we're being killed. #BlackLivesMatter #SeekingAsylum #Filmmaker #Film… https://t.co/zRTrHRoS00
RT @Xpressionable: Flint Weighs Scope of Harm to Children Caused by Lead in Water https://t.co/4fLR8SVWXr #BlackLivesMatter #BLM #FlintWate…
RT @JohnSteen: Awesome silent protest inside Super Bowl City for #MarioWoods #blacklivesmatter #sb50 #sf #SuperBowlCity https://t.co/iJwTFr…
RT @EmilyE_Smith: #BlackLivesMatter #MMTX16 https://t.co/cT9qQYH78N
RT @WhatsTheNews_: Have you subscribed to #eocmag yet? 

https://t.co/Vb0TTNNpmE

#buyblack #supportblackbusinesses #blacklivesmatter
Until Black on Black crime results in cries of outrage
we do but turn truth merrily on its head. 
Make #BlackLivesMatter
RT josephjett "Until Black on Black crime results in cries of outrage
we do but turn truth merrily on its head. 
Make #BlackLivesMatter"
RT @Haleaziz: To give you a sense of the scene -- protestors holding signs while SB City attendees hanging out. #blacklivesmatter https://t…
RT @corruptcopsTX: Not much has changed. #FlintWaterCrisis #BlackLivesMatter https://t.co/4BJWHz5l7t
For anyone with plans in downtown #blacklivesmatter https://t.co/KrZLeyGked
RT @ColorOfChange: Follow #JuryOrJustice on 2/1 @5:30pm for "#BlackLivesMatter &amp; Grand Juries" @BlackLivesMpls https://t.co/VuAM4w9W2i http…
RT @corruptcopsTX: Not much has changed. #FlintWaterCrisis #BlackLivesMatter https://t.co/4BJWHz5l7t
RT @gregorycendana: Solidarity from #StLouis! Appreciate you speaking out &amp; standing up! 👊🏽#JusticeForMarioWoods #MarioWoods #AAPI #p2  htt…
RT @ItsCasanova_: #BlackLivesMatter 😤 http://t.co/Q1vE6ovGW6
RT @MissShinoBee: For anyone with plans in downtown #blacklivesmatter https://t.co/KrZLeyGked
RT @gloed_up: Sesame Street-style lesson about #police
#BlackToLive #BlackLivesMatter https://t.co/SfkWULtUeA
RT @gregorycendana: Solidarity from #StLouis! Appreciate you speaking out &amp; standing up! 👊🏽#JusticeForMarioWoods #MarioWoods #AAPI #p2  htt…
@KWestSavali @GinaLuciana @HelloBeautiful 8. this poor girl. my heart breaks for her. #blacklivesmatter #blacklivesWILLALWAYSmatter
#SayHerName #GynnaMcMillen  HER LIFE MATTERS! #BlackGirlsMatter https://t.co/5qk5df3ViO
RT @KevinMarshall: And a lot of the rhetoric runs parallel in "#AllLivesMatter" counterpoints used to disparage #BlackLivesMatter.
RT @ItsCasanova_: #BlackLivesMatter 😤 http://t.co/Q1vE6ovGW6
RT @BarberaLoyd: Disgusted by authorities trying to take down @UmaKomptonMusic. a kind-hearted Christian girl just trying to make music. #B…
RT @Xpressionable: Flint Weighs Scope of Harm to Children Caused by Lead in Water https://t.co/4fLR8SVWXr #BlackLivesMatter #BLM #FlintWate…
RT @SpaceCheef: #NotMeUs because we deserve a nation &amp; #POTUS that WALKS the TALK
#BLM #BlackLivesMatter #Latinos #Asians etc. https://t.co…
On January 11,2016 #GynnyaMcMillen a 16 year old black girl was murdered by the racist Kentucky police!!! #FTP #BlackLivesMatter
I present to you pt 2 of my #blacklivesmatter piece. https://t.co/1fkkWhUe6W
RT @kemba722: On January 11,2016 #GynnyaMcMillen a 16 year old black girl was murdered by the racist Kentucky police!!! #FTP #BlackLivesMat…
Just unfriended my first Facebook friend for openly supporting #BlueLivesMatter while at the same time bashing #BlackLivesMatter #ByeFelicia
Horrifying: In 2013 in New York City, there were more black babies aborted than born. #BlackLivesMatter ?  Apparently not. #tcot
RT @ratedcar: I present to you pt 2 of my #blacklivesmatter piece. https://t.co/1fkkWhUe6W
RT @Obey_Dario_: This analogy.... #BlackLivesMatter https://t.co/X3XXmHaIMR
@latimes had this been a #blacklivesmatter they'd be thugs instead of activists. https://t.co/OowzJKzAu0
Black Lives Shattered: How Clintons Built Legacy on White Supremacy #blm #hillary #racism #bernie #blacklivesmatter https://t.co/bfZ9RZBtj2
#millionsmarchtx #mmtx16 #blacklivesmatter @ Texas State Capital https://t.co/TUQozZzykx
Waiting to see Dr Umar Johnson kick this knowledge. #SG216 #cleveland #blacklivesmatter @… https://t.co/UumMFjoP55
RT @EmilyE_Smith: #BlackLivesMatter #MMTX16 https://t.co/cT9qQYH78N
RT @ItsCasanova_: #BlackLivesMatter 😤 http://t.co/Q1vE6ovGW6
RT @SandraALTX: #OscarsSoWhite #BlackLivesmatter boycott must include #Bernie2016  #Hillary #Democrats 
#tcot #Uniteblue #vote https://t.co…
RT @ShunyaShambu: @Asians4BlkLives #justice4mariowoods 
#BlackLivesMatter https://t.co/MqQVPf3BBS
@NYC_ShutItDown Your post said he was unarmed. He was armed, its another lie from #blacklivesmatter.
RT @JohnSteen: Awesome silent protest inside Super Bowl City for #MarioWoods #blacklivesmatter #sb50 #sf #SuperBowlCity https://t.co/iJwTFr…
RT @gregorycendana: Solidarity from #StLouis! Appreciate you speaking out &amp; standing up! 👊🏽#JusticeForMarioWoods #MarioWoods #AAPI #p2  htt…
RT @SandraALTX: #OscarsSoWhite #BlackLivesmatter boycott must include #Bernie2016  #Hillary #Democrats 
#tcot #Uniteblue #vote https://t.co…
@StevenDialTV @FCN2go #blacklivesmatter
Black On Black Crime - Pittsburgh newspaper *challenging the community to own this problem* https://t.co/OWb8moAVNP #BlackLivesMatter #PJNet
RT @corruptcopsTX: Not much has changed. #FlintWaterCrisis #BlackLivesMatter https://t.co/4BJWHz5l7t
RT @Skyranger111: Dear #BlackLivesMatter https://t.co/ElrL8Uq6co
RT @ShunyaShambu: @Asians4BlkLives #justice4mariowoods 
#BlackLivesMatter https://t.co/MqQVPf3BBS
RT @WSCP1: Black On Black Crime - Pittsburgh newspaper *challenging the community to own this problem* https://t.co/OWb8moAVNP #BlackLivesM…
RT @Skyranger111: Dear #BlackLivesMatter https://t.co/ElrL8Uq6co
RT @BarberaLoyd: Disgusted by authorities trying to take down @UmaKomptonMusic. a kind-hearted Christian girl just trying to make music. #B…
RT @LieparDestin: #EricaGarner Pens A Powerful Piece Supporting #BernieSanders &amp; #Bernie2016 In #Iowa
#FeelTheBern
#BlackLivesMatter https:…
#Malheur #BlackLivesMatter #EqualJusticeUnderTheLaw  https://t.co/LOdwxGvNGo
RT @WSCP1: Black On Black Crime - Pittsburgh newspaper *challenging the community to own this problem* https://t.co/OWb8moAVNP #BlackLivesM…
RT @WSCP1: Black On Black Crime - Pittsburgh newspaper *challenging the community to own this problem* https://t.co/OWb8moAVNP #BlackLivesM…
RT @ratedcar: my newest piece, #blacklivesmatter // http://t.co/Lskf6AZIWu
RT @ratedcar: I present to you pt 2 of my #blacklivesmatter piece. https://t.co/1fkkWhUe6W
@onetoughnerd @detroitnews Oh, so now you're worried about what will help the people of Flint. #BlackLivesMatter #GetBent
#eataburger #feminism #blacklivesmatter #freebleed #fnaf #warriorcats #mylittlepony #mlp #clop #cloprp #furryrp #fu… https://t.co/NgW8evyAb4
#eataburger #feminism #blacklivesmatter #freebleed #fnaf #warriorcats #mylittlepony #mlp #clop #cloprp #furryrp #fu… https://t.co/Hd7qd6P28E
#eataburger #feminism #blacklivesmatter #freebleed #fnaf #warriorcats #mylittlepony #mlp #clop #cloprp #furryrp #fu… https://t.co/EOBXMvqgZK
@Tony_Clark_130 But it affects unarmed blacks even more. I don't have to worry about getting shot by cops if I walk around #BlackLivesMatter
https://t.co/Ko1uQdYp89 #BundyRanch #Oregonstandoff #BlackLivesMatter https://t.co/wPVUgftMzk
White Rappers in the Midst of #BlackLivesMatter II – The Society https://t.co/e9NV0KHDoY
RT @Time4Sammy: Enough is enough is ENOUGH! We gotta get this right. Lives depend on it 
#BlackLivesMatter Elect Bernie #FeelTheBern
https:…
RT @BleepThePolice: As long i still have to explain to people why #blacklivesmatter, I know there won't be world #peace for a long time htt…
#BlackLivesMatter https://t.co/NdWUjs1tQU
RT @SpaceCheef: #NotMeUs because we deserve a nation &amp; #POTUS that WALKS the TALK
#BLM #BlackLivesMatter #Latinos #Asians etc. https://t.co…
RT @Skyranger111: Dear #BlackLivesMatter https://t.co/ElrL8Uq6co
RT @BarberaLoyd: Disgusted by authorities trying to take down @UmaKomptonMusic. a kind-hearted Christian girl just trying to make music. #B…
RT @BarberaLoyd: Disgusted by authorities trying to take down @UmaKomptonMusic. a kind-hearted Christian girl just trying to make music. #B…
A gang of Thugs, Serial Killers, Racial Terrorists, paid - under duress -- by US taxpayers.  #PoliceBrutality #BlackLivesMatter
RT @ggindc: It is scary to listen to Bernie/Hillary supporters bash each other. The stakes are so high  https://t.co/0HEMHvbh1F
#iowacaucus Jill Stein 8ft BANNER Sign #ItsInOurHands  #p2 #BlackLivesMatter https://t.co/Y4MMAhZ9bF
#iowacaucus #StopGunViolence - Vinyl Decal Bumper Sticker - DNC Black Lives Matter  #BLM #BlackLivesMatter https://t.co/3gVqZOVmFM
RT @smoovegotti216: Waiting to see Dr Umar Johnson kick this knowledge. #SG216 #cleveland #blacklivesmatter @… https://t.co/UumMFjoP55
RT @MitchWestphal: People are feeling the bern baby. @MarkRuffalo, @tommychong, the #BlackLivesMatter movement. GO BERN!! #FeelTheBern http…
Because solutions include valuing all people. #Chicago #Detroit #BlacklivesMatter #FlintWaterCrisis   https://t.co/oSZgLV58Tc
RT @SpaceCheef: #NotMeUs because we deserve a nation &amp; #POTUS that WALKS the TALK
#BLM #BlackLivesMatter #Latinos #Asians etc. https://t.co…
Perhaps Bill can write an E-book on"how to tell lies with a stained blue dress". https://t.co/GYy4as8LYT
UNITED NATIONS don't 4get starving 19 million children #blacklivesmatter  Ethiopia UN Child Sexual Abuse https://t.co/ltp7pWtBo1
#iowacaucus BLACK LIVES MATTER  BANDANA + 4 Vinyl Decal / Bumper Stickers BLACKLIVESMATTER  #p2 #sgp #sgp #sgp #CTL https://t.co/XEfGhwXUsd
#racism #BlackLivesMatter interesting reading.  Search CDTA on twitter
RT @corruptcopsTX: Not much has changed. #FlintWaterCrisis #BlackLivesMatter https://t.co/4BJWHz5l7t
#WeAreBernie ALL OF US!!!
#NotMeUs 
#MLK 
#BLM #BlackLivesMatter
#EqualPay 
#FeelTheBern https://t.co/I9KRPhQJPa
RT @gregorycendana: Solidarity from #StLouis! Appreciate you speaking out &amp; standing up! 👊🏽#JusticeForMarioWoods #MarioWoods #AAPI #p2  htt…
RT @AngryVoters: Erica Garner~Black lives like my father's should matter. I endorse Sanders
#BLACKlivesMatter #IAcaucus #FEELtheBERN
https:…
Erica Garner endorses who she feels really will be a #BlackLivesMatter president https://t.co/CCB4KypqBO https://t.co/a2k9IdMip6
#progress #blacklivesmatter @BLMatBSHS https://t.co/2vz0t4dXWA
RT @benjancewicz: Guards used a martial arts restraint on this teen. And now she's dead 

#GynnyaMcMillen #BlackLivesMatter
https://t.co/vU…
https://t.co/FRBBAA2a0m … … Duty 2 Rebel-Philosopher John Locke English Civil Wars-#BundyRanch #BlackLivesMatter https://t.co/xobMuL5i6D
RT @NewRBEworld: #WeAreBernie ALL OF US!!!
#NotMeUs 
#MLK 
#BLM #BlackLivesMatter
#EqualPay 
#FeelTheBern https://t.co/I9KRPhQJPa
RT @benjancewicz: Guards used a martial arts restraint on this teen. And now she's dead 

#GynnyaMcMillen #BlackLivesMatter
https://t.co/vU…
RT @BET: Erica Garner endorses who she feels really will be a #BlackLivesMatter president https://t.co/CCB4KypqBO https://t.co/a2k9IdMip6
RT @MitchWestphal: People are feeling the bern baby. @MarkRuffalo, @tommychong, the #BlackLivesMatter movement. GO BERN!! #FeelTheBern http…
RT @armanwalker: Because solutions include valuing all people. #Chicago #Detroit #BlacklivesMatter #FlintWaterCrisis   https://t.co/oSZgLV5…
skye2earth: RT corruptcopsTX: Not much has changed. #FlintWaterCrisis #BlackLivesMatter https://t.co/Z0j2UzqvUx
RT @grenouf: #Occupy #IdleNoMore &amp; #BlackLivesMatter all the same labour leaders behind the curtain- Astroturf https://t.co/0vCg9gVTYw #cdn…
#FeelTheBern #MarchforBernie #nyc #wallst #blacklivesmatter https://t.co/q0twDB4ap7
#lawenforcement #policelivesmatter #alllivesmater #BlackLivesMatter #policenews 22 Month Old Child Killed By Gunfire https://t.co/Z2Zs865F6p
https://t.co/FRBBAA2a0m … … … Duty 2 Rebel-Philosopher John Locke English Civil Wars-#BundyRanch #BlackLivesMatter  https://t.co/BsHxBv6KrR
@iGiveYouMoore bringing in the Unity at the #MillionsMarchTexas at #Austin
#BlackLivesMatter
#SayHerName https://t.co/sbU0mT8R0z
https://t.co/FRBBAA2a0m … … … Duty 2 Rebel-Philosopher John Locke English Civil Wars-#BundyRanch #BlackLivesMatter  https://t.co/AriW7dZgZJ
RT @mary_sayed: How does this keep happening?? https://t.co/7P7SL2MeTB # via blackvoices #GynnaMcMillen #blacklivesmatter
@BOOSIERENE @ceejvyysimonn These niggers are criminals.  #blacklivesmatter
https://t.co/FRBBAA2a0m … … … Duty 2 Rebel-Philosopher John Locke English Civil Wars-#BundyRanch #BlackLivesMatter  https://t.co/ghqgr1miM6
RT @Haleaziz: "We have a God given right to speak truth to power!" #JusticeForMarioWoods #blacklivesmatter https://t.co/7jxFJavAR3
#justice4amilcar #justice4alexnieto #brownlivesmatter #blacklivesmatter #mariowoods #sb50… https://t.co/fjllDFOhJn
RT @blackmattersus: How many parents will lose their kids by police stupidity this year? How long will we endure it?
#BlackLivesMatter http…
RT @benjancewicz: Guards used a martial arts restraint on this teen. And now she's dead 

#GynnyaMcMillen #BlackLivesMatter
https://t.co/vU…
RT @4mysquad: Dear white ppl! Please stop trying to make yourself oppressed
#BlackLivesMatter #Equality https://t.co/H7USlsLvzn
https://t.co/FRBBAA2a0m … … … Duty 2 Rebel-Philosopher John Locke English Civil Wars-#BundyRanch #BlackLivesMatter  https://t.co/WjoZmN9VeW
RT @MarkRuffalo: This is why we must be reminded that #BlackLivesMatter  https://t.co/SiHmFF7JOY
RT @SONOFDY1: @NYC_ShutItDown Your post said he was unarmed. He was armed, its another lie from #blacklivesmatter.
#iowacaucus BLACK LIVES MATTER  BANDANA + 4 Vinyl Decal / Bumper Stickers BLACKLIVESMATTER #OPTRUMP https://t.co/maGKvHyPJ7
#iowacaucus BLACK LIVES MATTER LONG SLEEVE SHIRT + BANDANA + 4 Vinyl Decal / Bumper Stickers  #p2 #BlackLivesMatter https://t.co/2RAmr2S7ZO
RT @myfoxaustin: RT KVRNews "RT alaaomarabi: The #MillionsMarchTexas march has begun #BlackLivesMatter KVRNews https://t.co/Nj5i8joPq7"
#iowacaucus  #Represent #Anonymous  to share the #LOVE #blacklivesmatter #CIVILRIGHTS #blacklivesmatter https://t.co/cLSJWIuw6s
RT @JohnSteen: Awesome silent protest inside Super Bowl City for #MarioWoods #blacklivesmatter #sb50 #sf #SuperBowlCity https://t.co/iJwTFr…
RT @benjancewicz: Guards used a martial arts restraint on this teen. And now she's dead 

#GynnyaMcMillen #BlackLivesMatter
https://t.co/vU…
RT @alaaomarabi: "We're running out of time, people are dying" -Chas Moore #MillionsMarchTexas #BlackLivesMatter @KVRNews https://t.co/djA3…
dark skin is not a crime !#blacklivesmatter https://t.co/wc8QfJjnO9
RT @HillaryGuess: "New Jim Crow" Author Michelle Alexander on Hillary's Embrace of Mass Incarceration https://t.co/vmYI1GLRWh #blacklivesma…
#Kentucky Detention Staff Used Aikido on #GynnaMcMillen Before Her Mysterious Death https://t.co/mwMgGo6T1y via @TheRoot
#BlackLivesMatter
https://t.co/FRBBAA2a0m … … … Duty 2 Rebel-Philosopher John Locke English Civil Wars-#BundyRanch #BlackLivesMatter  https://t.co/I3e0tIJmRa
RT @JohnSteen: Awesome silent protest inside Super Bowl City for #MarioWoods #blacklivesmatter #sb50 #sf #SuperBowlCity https://t.co/iJwTFr…
RT @JohnSteen: Awesome silent protest inside Super Bowl City for #MarioWoods #blacklivesmatter #sb50 #sf #SuperBowlCity https://t.co/iJwTFr…
RT @Justice4MWNow: #justice4amilcar #justice4alexnieto #brownlivesmatter #blacklivesmatter #mariowoods #sb50… https://t.co/fjllDFOhJn
RT @Mr_ItIsOurDuty: ✊🏾✊🏾✊🏾#BlackLivesMatter in TEXAS #millionsmarchTexas https://t.co/yapikwFkuQ
Part 2) Unarmed Victim ArchivEnforcement Murders 251 ...
https://t.co/NDBcMphZq3 #stopkillingus #blacklivesmatter
Part 2) Unarmed Victim ArchivEnforcement Murders 251 ...
https://t.co/OXi8bQZahq #stopkillingus #blacklivesmatter
RT @NewRBEworld: #WeAreBernie ALL OF US!!!
#NotMeUs 
#MLK 
#BLM #BlackLivesMatter
#EqualPay 
#FeelTheBern https://t.co/I9KRPhQJPa
https://t.co/FRBBAA2a0m … … … Duty 2 Rebel-Philosopher John Locke English Civil Wars-#BundyRanch #BlackLivesMatter  https://t.co/WR9gLpmFHK
We need to start checking Asian Privilege in America. #BlackLivesMatter
RT @alaaomarabi: Members of @SALTAustin march alongside #BlackLivesMatter protestors. #MillionsMarchTexas @KVRNews https://t.co/CKHPjvrQFY
RT @ratedcar: my newest piece, #blacklivesmatter // http://t.co/Lskf6AZIWu
RT @andimtyanna: all different shades and sizes 😍 #blackgirls #BlackLivesMatter  https://t.co/A0bBvZWbUA
RT @AngryVoters: Erica Garner~Black lives like my father's should matter. I endorse Sanders
#BLACKlivesMatter #IAcaucus #FEELtheBERN
https:…
RT sherylwginae RT DrJ512 #millionsmarchtexas #ATX #BlackLivesMatter ❤ #2016 https://t.co/gnAwGNtXoy
Georgia State Rep Defends Slavery, Says African Americans Are Just Uninformed About History #blacklivesmatter 
 https://t.co/KmnlrtMYdB
RT @BET: Erica Garner endorses who she feels really will be a #BlackLivesMatter president https://t.co/CCB4KypqBO https://t.co/a2k9IdMip6
A young black mans journey to conservatism: https://t.co/EZwOGD6h4x #PJNET #RedNationRising #StopHillary #Hillary2016 #BlackLivesMatter
RT @BET: Erica Garner endorses who she feels really will be a #BlackLivesMatter president https://t.co/CCB4KypqBO https://t.co/a2k9IdMip6
RT @NewRBEworld: #WeAreBernie ALL OF US!!!
#NotMeUs 
#MLK 
#BLM #BlackLivesMatter
#EqualPay 
#FeelTheBern https://t.co/I9KRPhQJPa
Man fatally shot on St. Louis street 
#BlackLivesMatter 
https://t.co/j8DReagCVB
RT @wvjoe911: Georgia State Rep Defends Slavery, Says African Americans Are Just Uninformed About History #blacklivesmatter 
 https://t.co/…
RT @JohnSteen: Awesome silent protest inside Super Bowl City for #MarioWoods #blacklivesmatter #sb50 #sf #SuperBowlCity https://t.co/iJwTFr…
#PoliceMurderPeople #BlackLivesMatter #FlintWaterCrisis #Governmentshutdown #FuckYourCelebrity #FuckTrump #Kanyesuckmydick #PrayForSociety
RT @andimtyanna: all different shades and sizes 😍 #blackgirls #BlackLivesMatter  https://t.co/A0bBvZWbUA
RT @Skyranger111: Dear #BlackLivesMatter https://t.co/ElrL8Uq6co
RT @alaaomarabi: "We have power, and we have proof" -Juanita Spears #MillionsMarchTexas #BlackLivesMatter https://t.co/uphqMtYNa5
RT @ratedcar: I present to you pt 2 of my #blacklivesmatter piece. https://t.co/1fkkWhUe6W
RT @gregorycendana: RT if you AGREE: US gov't should 'pay reparations to descendants of slaves' https://t.co/l40FDasy52 #BlackLivesMatter #…
Please be sure to visit our official website: https://t.co/inh2oDnsd3 https://t.co/t2c2L7RJ8I
RT @NewRBEworld: #WeAreBernie ALL OF US!!!
#NotMeUs 
#MLK 
#BLM #BlackLivesMatter
#EqualPay 
#FeelTheBern https://t.co/I9KRPhQJPa
@AHA_maalena #blacklivesmatter Yea Me too. I will always support that movement ❤💚🌚
#muslimlivesmatter #blacklivesmatter
3 new books about race in America that will change the way you think https://t.co/hiU1KTB97E #BlackLivesMatter
3 new books about race in America that will change the way you think https://t.co/4sxaS5ucSs #BlackLivesMatter
3 new books about race in America that will change the way you think https://t.co/DuNAzyR6vm #BlackLivesMatter
3 new books about race in America that will change the way you think https://t.co/wy08jBHPp4 #BlackLivesMatter
Love the Alex Nieto pics! #Amor4Alex #BrownLivesMatter too https://t.co/urSC6ISyhe
RT @ratedcar: I present to you pt 2 of my #blacklivesmatter piece. https://t.co/1fkkWhUe6W
RT @humanxrightx: Remember, all lives matter ! 💪 
#MuslimLivesMatter #BlackLivesMatter https://t.co/2idG2rN6qe
General Atomics rec. $1B  in gov. contr. &amp; #DiscriminatesInHiring. Go to https://t.co/BOgiqLjYim #BlackLivesMatter https://t.co/6DRNn3V0o7
#BlackLivesMatter mvment is violent &amp; aggressive, yet #Liberals support it. #Oregonstandoff is non-violent &amp; peaceful, Liberals outraged.
RT @Nessa_Bxo: #BlackLivesMatter #StayWokeUA #JusticeForUAlbany 👏🏾💪🏾✊🏾 it's bigger than just an hashtag https://t.co/ERptjt02oV
RT @4mysquad: Didn't know this @SenSanders 
#MLK #MLKDay #BlackLivesMatter https://t.co/yko2HKWh5V
January 30, 2016 at 06:01PM NFLNetwork tell #NFL #HireBlackCoaches #BlackLivesMatter : https://t.co/LjSXwNugY1
Police body cameras reduce use of force by 60%, complaints by 88% https://t.co/oxCdPAQQON #BlackLivesMatter #gunsense #2a #UniteBlue .
Some won't ever get it... #BlackLivesMatter https://t.co/K6hj7JLu9y
These folks are calling for justice 4 #MarioWoods at #SF #SuperBowlCity #SuperBowl #SuperSaturday #BlackLivesMatter https://t.co/iE6Nq9Fjrq
. @ProtestPin RT KateMaxwellArt: Justice for Mario Woods!#mariowoods #blacklivesmatter #protest #justice #superbowl… https://t.co/cykcDkfkAk
RT @Haleaziz: The crowd gathered at the #justice4mariowoods march in Union Square -- around 200 out at this pt. #BlackLivesMatter https://t…
https://t.co/LmPyYYV9UB #BundyRanch #BlackLivesMatter #Occupy https://t.co/jUvGnD4oPv
RT @BET: Erica Garner endorses who she feels really will be a #BlackLivesMatter president https://t.co/CCB4KypqBO https://t.co/a2k9IdMip6
RT @usgunviolence6: Police body cameras reduce use of force by 60%, complaints by 88% https://t.co/oxCdPAQQON #BlackLivesMatter #gunsense #…
RT @OccupyOakland: These folks are calling for justice 4 #MarioWoods at #SF #SuperBowlCity #SuperBowl #SuperSaturday #BlackLivesMatter http…
RT @Skyranger111: Dear #BlackLivesMatter https://t.co/ElrL8Uq6co
RT @4mysquad: To see young black women coming together in the face of these ignorant girls is a beautiful thing #BlackLivesMatter https://t…
RT @cali_nic: https://t.co/6x7SKNnx8g link to the new show with Special guest Tony (@search4swag ) enjoy y'all !! #Ferguson #mikebrown #Bla…
#iowacaucus BLACK LIVES MATTER  BANDANA + 4 Vinyl Decal / Bumper Stickers BLACKLIVESMATTER  #DEMS #DEMS #CTL https://t.co/PkneeEsWM3
#iowacaucus BLACK LIVES MATTER  BANDANA + 4 Vinyl Decal / Bumper Stickers BLACKLIVESMATTER  #dnc #dnc #UniteBlue https://t.co/f5wnRo1NBy
#iowacaucus David Bowie Vinyl Decal  Laptop Sticker Anonymous #DavidBowie  #dnc #BlackLivesMatter https://t.co/6uZDDbSBJP
RT @OccupyOakland: These folks are calling for justice 4 #MarioWoods at #SF #SuperBowlCity #SuperBowl #SuperSaturday #BlackLivesMatter http…
RT @4mysquad: Dear white ppl! Please stop trying to make yourself oppressed
#BlackLivesMatter #Equality https://t.co/H7USlsLvzn
https://t.co/tCoy0crXAv
RT @search4swag: https://t.co/tCoy0crXAv
RT @usgunviolence6: Police body cameras reduce use of force by 60%, complaints by 88% https://t.co/oxCdPAQQON #BlackLivesMatter #gunsense #…
RT @Nick_Metz12: @ZejayGaming she supports, families of all cultures and races. She supports #BlackLivesMatter
RT @search4swag: https://t.co/tCoy0crXAv
https://t.co/FRBBAA2a0m … … … Duty 2 Rebel-Philosopher John Locke English Civil Wars-#BundyRanch #BlackLivesMatter  https://t.co/oyqL3qbvKW
RT @NavyDad0007: Investigation into #KendrickJohnson Death is in it's 3rd Year Because His Life Mattered #BlackLivesMatter https://t.co/xO4…
RT @OccupyOakland: These folks are calling for justice 4 #MarioWoods at #SF #SuperBowlCity #SuperBowl #SuperSaturday #BlackLivesMatter http…
RT @OccupyOakland: These folks are calling for justice 4 #MarioWoods at #SF #SuperBowlCity #SuperBowl #SuperSaturday #BlackLivesMatter http…
RT @iamtimothydavis: @KWestSavali @GinaLuciana @HelloBeautiful 8. this poor girl. my heart breaks for her. #blacklivesmatter #blacklivesWIL…
RT @BET: Erica Garner endorses who she feels really will be a #BlackLivesMatter president https://t.co/CCB4KypqBO https://t.co/a2k9IdMip6
RT @NavyDad0007: Please Remember #IndiaKager &amp; #AngeloPerry Who were gunned down By #VBPD in front of their Child #BlacklivesMatter https:/…
RT @OccupyOakland: These folks are calling for justice 4 #MarioWoods at #SF #SuperBowlCity #SuperBowl #SuperSaturday #BlackLivesMatter http…
@nypost so now the #blacklivesmatter nuts will say impossible 2 have "hands up don't shoot" &amp; the right wing nuts will NOW support it.
RT @OccupyOakland: These folks are calling for justice 4 #MarioWoods at #SF #SuperBowlCity #SuperBowl #SuperSaturday #BlackLivesMatter http…
RT @Haleaziz: Ferry Building visitors looking on as #JusticeForMarioWoods crowd walks by chanting. #BlackLivesMatter https://t.co/pX2OTFejrm
RT @OccupyOakland: These folks are calling for justice 4 #MarioWoods at #SF #SuperBowlCity #SuperBowl #SuperSaturday #BlackLivesMatter http…
#JusticeforMarioWoods https://t.co/qErGcWtOM7
#lawenforcement #policelivesmatter #alllivesmater #BlackLivesMatter  #BlueLivesMatte #ThinBlueLine #policenews   https://t.co/i2HscZU3fc
RT @DawudWalid: I'm scheduled to be in the Chi on Monday. @RamiNashashibi @imancentral @Justice4Rasmea #BlackLivesMatter https://t.co/652tm…
#WeAreBernie ALL OF US!!!
#NotMeUs 
#MLK #BlackLivesMatter 
#EqualPay 
#FeelTheBern https://t.co/v1daHa6UIL
#lawenforcement #policelivesmatter #alllivesmater #BlackLivesMatter  #BlueLivesMatte #ThinBlueLine #policenews   https://t.co/7QsoUUIBJd
https://t.co/Ko1uQdYp89 #FBI has unclean hands. #COINTELPRO #MLK #BundyRanch #BlackLivesMatter  https://t.co/ArYyqyN6xY
RT @andimtyanna: all different shades and sizes 😍 #blackgirls #BlackLivesMatter  https://t.co/A0bBvZWbUA
#millionsmarchtx #mmtx16 #blacklivesmatter @ Texas State Capital https://t.co/LUq9ZQs60y
RT @jvbeck90: “Oh, I’m sorry I got caught and everyone is being mean to me now!” 😒

BLACK LIVES &gt; white tears
#BlackLivesMatter https://t.c…
RT @Haleaziz: Ferry Building visitors looking on as #JusticeForMarioWoods crowd walks by chanting. #BlackLivesMatter https://t.co/pX2OTFejrm
#sb50 #justice4mariowoods #blacklivesmatter #mariowoods @ Super Bowl 50 https://t.co/eOxyqBhQTM
RT @leilatte: #BlackLivesMatter right outside my window on campus. University of Texas at Austin. https://t.co/SgucskDNy2
RT @OccupyOakland: These folks are calling for justice 4 #MarioWoods at #SF #SuperBowlCity #SuperBowl #SuperSaturday #BlackLivesMatter http…
RT @MetroPhilly: 3 new books about race in America that will change the way you think https://t.co/wy08jBHPp4 #BlackLivesMatter
RT @MitchWestphal: People are feeling the bern baby. @MarkRuffalo, @tommychong, the #BlackLivesMatter movement. GO BERN!! #FeelTheBern http…
@AnitaMatildaa omgggg nooooo , fuck BUSH! I have a dream!! STRAIGHT OUTTA COMPTOM dont believe the hype!!!!! #BlacklivesMatter OMABA CARE
RT @benjancewicz: Guards used a martial arts restraint on this teen. And now she's dead 

#GynnyaMcMillen #BlackLivesMatter
https://t.co/vU…
@MarkRuffalo @lindsaymeim14 *hands you a razor blade* you know what to do. Show the world how much white guilt you have. #BlackLivesMatter
#lawenforcement #policelivesmatter #alllivesmater #BlackLivesMatter  #BlueLivesMatte #ThinBlueLine #policenews   https://t.co/dFj3WQjqyi
RT @AngryVoters: Erica Garner~Black lives like my father's should matter. I endorse Sanders
#BLACKlivesMatter #IAcaucus #FEELtheBERN
https:…
RT @BET: Erica Garner endorses who she feels really will be a #BlackLivesMatter president https://t.co/CCB4KypqBO https://t.co/a2k9IdMip6
RT @Justice4MWNow: #justice4amilcar #justice4alexnieto #brownlivesmatter #blacklivesmatter #mariowoods #sb50… https://t.co/fjllDFOhJn
RT @Justice4MWNow: #justice4amilcar #justice4alexnieto #brownlivesmatter #blacklivesmatter #mariowoods #sb50… https://t.co/fjllDFOhJn
.@killermike .@cornelwest .@ninaturner are brilliant! #notmeus #blacklivesmatter https://t.co/JL4s5SkO6n
RT @Justice4MWNow: #sb50 #justice4mariowoods #blacklivesmatter #mariowoods @ Super Bowl 50 https://t.co/eOxyqBhQTM
RT @4mysquad: Didn't know this @SenSanders 
#MLK #MLKDay #BlackLivesMatter https://t.co/yko2HKWh5V
RT @MrLewis915: White Anti-Whites will destroy their own children's future for #WhiteGenocide https://t.co/Tz8qRgZW9h #blacklivesmatter
RT @AlaaAlkhatib1: Rest in power to all our black youth who have been taking by this system! #blacklivesmatter #TEDxUTSC
RT @usgunviolence6: Police body cameras reduce use of force by 60%, complaints by 88% https://t.co/oxCdPAQQON #BlackLivesMatter #gunsense #…
#Finicum tasered then shot. #BundyRanch #Oregonstandoff #BlackLivesMatter https://t.co/h32tQlvMer
RepubliKKKans have done it again in Tensas Parish LA with the water. 70% black population there. #BlackLivesMatter https://t.co/FNrtXsfdaX
RT @DahmPublishing: It's About Peace AND Justice.

#BlackLivesMatter https://t.co/7UiF1MejQQ
White people ALWAYS win family fued !!!!!! #Blacklivesmatter
Vote armed with information. Research all candidates before casting your ballot. Google newspaper stories, etc. https://t.co/ltiFdhWXqe
#mariowoods #blacklivesmatter #justice4mariowoods #sb50 #brownlivesmatter @ Super Bowl 50 https://t.co/6TQ4yI2UQf
RT @metronewyork: 3 new books about race in America that will change the way you think https://t.co/DuNAzyR6vm #BlackLivesMatter
#lawenforcement #policelivesmatter #alllivesmater #BlackLivesMatter  #BlueLivesMatte #ThinBlueLine #policenews  https://t.co/WJcs8Jfyak
RT @the_intercept: Sexual misconduct is the second most common form of police misconduct after excessive force. https://t.co/vNhj19hH94 #Bl…
https://t.co/FRBBAA2a0m … … … Duty 2 Rebel-Philosopher John Locke English Civil Wars-#BundyRanch #BlackLivesMatter  https://t.co/2G125rzX7N
RT @Shanmckinley: https://t.co/DgBH5bBUgi Oh the lies they will tell to blame this child for her own murder. #GynnyaMcMillan  #BlackLivesMa…
#iowacaucus Bernie Sanders for President 2016 - Democrat - Bumper Sticker Vinyl Decal  #CTL #BlackLivesMatter https://t.co/tmyCxVTK4u
#iowacaucus THANKS OBAMA Vinyl Decal Bumper Sticker Democrat Anonymous #ThanksObama  #CTL #BlackLivesMatter https://t.co/ITYBqVD5V4
RT @4mysquad: Reality we are facing every day
#BlackLivesMatter #Policebrutality
#SandraBland #TamirRice #LaquanMcDonald https://t.co/Xd5nE…
RT @NewRBEworld: #WeAreBernie ALL OF US!!!
#NotMeUs 
#MLK #BlackLivesMatter 
#EqualPay 
#FeelTheBern https://t.co/v1daHa6UIL
RT @OccupyOakland: These folks are calling for justice 4 #MarioWoods at #SF #SuperBowlCity #SuperBowl #SuperSaturday #BlackLivesMatter http…
#lawenforcement #policelivesmatter #alllivesmater #BlackLivesMatter  #BlueLivesMatte #ThinBlueLine #policenews  https://t.co/2764dyIUJn
RT @the_intercept: Sexual misconduct is the second most common form of police misconduct after excessive force. https://t.co/vNhj19hH94 #Bl…
#brownlivesmatter #sb50 #justice4mariowoods #blacklivesmatter #mariowoods @ Super Bowl 50 https://t.co/IBNUISimMt
#WhatIf should be on the #Birthofanation #soundtrack - https://t.co/VYQouVoJPJ #BlackLivesMatter @nateparker @iampgoods
At the end of the day, if you're not able or willing to say that Black Lives Matter, then you are saying that they don't. #BlackLivesMatter
I liked a @YouTube video from @joe_mode213 https://t.co/uPlKlX4wez The Truth About #BlackLivesMatter? :: #UNSAFE Report
#sb50 #blacklivesmatter #mariowoods #justice4mariowoods @ Super Bowl 50 https://t.co/debYak5Quj
VIDEO: Why African Americans are on FIRE for Bernie Sanders

https://t.co/HAfwk3sjkB

#NotMeUs #BlackLivesMatter #FeelTheBern #BringTheBern
https://t.co/P7whv6M5JF

How dumb can #BlackLivesMatter be? Lmao #segregation
RT @OccupyOakland: These folks are calling for justice 4 #MarioWoods at #SF #SuperBowlCity #SuperBowl #SuperSaturday #BlackLivesMatter http…
Why Bernie Sanders Is the Best Candidate For Minority Voters https://t.co/D2Hc2lqpkA via @bpolitics #BernieSanders #BlackLivesMatter
RT @4mysquad: To see young black women coming together in the face of these ignorant girls is a beautiful thing #BlackLivesMatter https://t…
RT @4mysquad: To see young black women coming together in the face of these ignorant girls is a beautiful thing #BlackLivesMatter https://t…
RT @OccupyOakland: These folks are calling for justice 4 #MarioWoods at #SF #SuperBowlCity #SuperBowl #SuperSaturday #BlackLivesMatter http…
RT @Justice4MWNow: #mariowoods #blacklivesmatter #justice4mariowoods #sb50 #brownlivesmatter @ Super Bowl 50 https://t.co/6TQ4yI2UQf
#lawenforcement #policelivesmatter #alllivesmater #BlackLivesMatter  #BlueLivesMatte #ThinBlueLine #policenews  https://t.co/JuOtRrgljp
Getting the message about #BlackLivesMatter @DallasPeaceCent https://t.co/zlUkjhC6jq
RT @4mysquad: Great job standing your ground! Black man schools cops on his rights
https://t.co/NCdqvE4JOL
#BlackLivesMatter https://t.co/g…
RT @Justice4MWNow: #brownlivesmatter #sb50 #justice4mariowoods #blacklivesmatter #mariowoods @ Super Bowl 50 https://t.co/IBNUISimMt
RT @iVote4USA: VIDEO: Why African Americans are on FIRE for Bernie Sanders

https://t.co/HAfwk3sjkB

#NotMeUs #BlackLivesMatter #FeelTheBer…
RT @iVote4USA: VIDEO: Why African Americans are on FIRE for Bernie Sanders

https://t.co/HAfwk3sjkB

#NotMeUs #BlackLivesMatter #FeelTheBer…
RT @Zacherydtaylor: #HillaryClinton hire #PrivatePrison lobbyists while #BernieSanders believes #BlackLivesMatter https://t.co/evvOae5Lm4
RT @OccupyOakland: These folks are calling for justice 4 #MarioWoods at #SF #SuperBowlCity #SuperBowl #SuperSaturday #BlackLivesMatter http…
RT @Justice4MWNow: #sb50 #blacklivesmatter #mariowoods #justice4mariowoods @ Super Bowl 50 https://t.co/debYak5Quj
But #Toad #15 #Blacklivesmatter @mortytoad 
I won't report you for being a #HeadBanger or a #TuxedoCat Hater. 
No cats for you. Sorry
#blacklivesmatter THIS TIME ITS PERSONAL: Black Mobs Target Apple Stores:  https://t.co/9l1jZuzxkW #antiblankracisme
RT @ComplexMag: The rise and fall of Shaun King, a former #BlackLivesMatter leader. https://t.co/uvbv36J1zc https://t.co/IJ57eQTNYs
my talented girl  https://t.co/qXTgSXEZAY
RT @ratedcar: I present to you pt 2 of my #blacklivesmatter piece. https://t.co/1fkkWhUe6W
RT @4mysquad: Anyone else wondering about this?
Help spreading this
#DonateWater2Flint
#FlintWaterCrisis 
#BlackLivesMatter https://t.co/QG…
Bernie Sanders: Police Must Be Held Accountable https://t.co/ZI2tKWOebc #BlackLivesMatter #NotMeUs
RT @NoraOlagbaju: This is disgusting and proves exactly why the #blacklivesmatter movement is so crucial. https://t.co/oL4HeZ55Ds
RT @commoncoId: my talented girl  https://t.co/qXTgSXEZAY
RT @ambiguitweets: At @NewberryLibrary we've put out a call for materials from  #BlackLivesMatter protests. Info (PDF, 488KB): https://t.co…
#blacklivesmatter #NotMeUs #marchforbernie https://t.co/xRBoSynzdU
#justice4mariowoods #mariowoods #blacklivesmatter #sb50 #brownlivesmatter @ Super Bowl 50 https://t.co/oCMtcyTRdI
RT @MiryDesu: https://t.co/P7whv6M5JF

How dumb can #BlackLivesMatter be? Lmao #segregation
RT @ShunyaShambu: @Asians4BlkLives #justice4mariowoods 
#BlackLivesMatter https://t.co/MqQVPf3BBS
RIP #GynnyaMcMillan We have the right to be safe in our own bodies! This must stop we are not animals. Justice Now! #BlackLivesMatter
RT @OccupyOakland: These folks are calling for justice 4 #MarioWoods at #SF #SuperBowlCity #SuperBowl #SuperSaturday #BlackLivesMatter http…
RT @Latina: .@TainaAsili calls for an end to mass incarceration with her music! #BlackLivesMatter https://t.co/B9XZYRYNaB https://t.co/S10D…
RT @makda_habte: @AnitaMatildaa omgggg nooooo , fuck BUSH! I have a dream!! STRAIGHT OUTTA COMPTOM dont believe the hype!!!!! #BlacklivesMa…
RT @Bernlennials: #blacklivesmatter #NotMeUs #marchforbernie https://t.co/xRBoSynzdU
RT @BarberaLoyd: Disgusted by authorities trying to take down @UmaKomptonMusic. a kind-hearted Christian girl just trying to make music. #B…
@RobynHunter saying black lives matter is completely different than saying #BlackLivesMatter
RT @4mysquad: Didn't know this @SenSanders 
#MLK #MLKDay #BlackLivesMatter https://t.co/yko2HKWh5V
#Guards used a #martialarts restraint on #GynnyaMcMillen.And now she's dead https://t.co/MCY3CAwzbc @blackvoices #BlackLivesMatter #Racism
RT @Bernlennials: #blacklivesmatter #NotMeUs #marchforbernie https://t.co/xRBoSynzdU
What an honor to be interviewed for @Latina Check it out! https://t.co/SH8aNBbkhN
RT @BET: Erica Garner endorses who she feels really will be a #BlackLivesMatter president https://t.co/CCB4KypqBO https://t.co/a2k9IdMip6
RT @Bernlennials: #blacklivesmatter #NotMeUs #marchforbernie https://t.co/xRBoSynzdU
RT @Bernlennials: #blacklivesmatter #NotMeUs #marchforbernie https://t.co/xRBoSynzdU
#NotMeUs #FeelTheBern #BlackLivesMatter  https://t.co/0klthshaMS
RT @Zacherydtaylor: #HillaryClinton hire #PrivatePrison lobbyists while #BernieSanders believes #BlackLivesMatter https://t.co/evvOae5Lm4
RT @activist360: MURDERED: Guards use martial arts hold on 16-year-old #GynnyaMcMillen, wait 11 minutes to do CPR https://t.co/BSsVDvXNJG #…
Yes can we have the Cosby Show reruns please.......Thank you very much. #Blacklivesmatter
Our young activists #brownlivesmatter #sb50 #blacklivesmatter #mariowoods #justice4mariowoods @… https://t.co/mKTNWCGrF2
"The story of Jesus is one of grace, hope, &amp; action." https://t.co/XgVhFPEWeX @lalaladybug5 re: #BlackLivesMatter #MoralMondays #IL
#iowacaucus RAHM EMANUEL FAILED US Vinyl Decal BLACK LIVES MATTER  #CTL #BlackLivesMatter https://t.co/1Hgf0KzmYM
"Justice for Mario woods!" as Tupac and Dr. Dre plays in the back. Many singing along. #BlackLivesMatter https://t.co/dmPmxvHWz5
RT @DefiningAmerica: #Vote and #FeeltheBern of a #PoliticalRevolution. #BernieSanders #VivaBernieSanders #BlackLivesMatter #BernieBlitz 🤓 h…
RT @tuneintorevcom: @TheKitchensHeat  If #BlackLivesMatter &amp; you want 2 get free, get 2 one of these mtgs https://t.co/QRuGcJpU3C https://t…
RT @usgunviolence6: Police body cameras reduce use of force by 60%, complaints by 88% https://t.co/oxCdPAQQON #BlackLivesMatter #gunsense #…
RT @Bernlennials: #blacklivesmatter #NotMeUs #marchforbernie https://t.co/xRBoSynzdU
RT @Bernlennials: #blacklivesmatter #NotMeUs #marchforbernie https://t.co/xRBoSynzdU
#MarchForBernie #BlackLivesMatter #NYC  https://t.co/TX0Qg70sm5
East or west Bernie is the best !!!!! https://t.co/GvOSxuAJeD
RT @Bernlennials: #blacklivesmatter #NotMeUs #marchforbernie https://t.co/xRBoSynzdU
RT @NavyDad0007: Please Remember #IndiaKager &amp; #AngeloPerry Who were gunned down By #VBPD in front of their Child #BlacklivesMatter https:/…
#iowacaucus David Bowie Vinyl Decal  Bumper Sticker Anonymous #DavidBowie  #BLM #BlackLivesMatter https://t.co/Fixls8l5t5
RT @DOndraeF: RIP Oscar Grant. Gone but never forgotten #blacklivesmatter https://t.co/ONjVquVKMU
RT @Bernlennials: #blacklivesmatter #NotMeUs #marchforbernie https://t.co/xRBoSynzdU
Lovin @AmaniOPoet and honored to share the stage with them! https://t.co/1JbwsFKdhQ
RT @AngryVoters: Erica Garner~Black lives like my father's should matter. I endorse Sanders
#BLACKlivesMatter #IAcaucus #FEELtheBERN
https:…
RT @Bernie4prezclip: #NotMeUs #Feelthebern @BernieSanders @KillerMike @ninaturner #BlackLivesMatter "Enough is Enough is Enough" https://t.…
Justice For PFC #LaVenaJohnson? https://t.co/mlKF0UuqYF via @HuffPostPol @POTUS #BlackLivesMatter #SayHerName https://t.co/AyezkusAfO
RT @Nessa_Bxo: #BlackLivesMatter #StayWokeUA #JusticeForUAlbany 👏🏾💪🏾✊🏾 it's bigger than just an hashtag https://t.co/ERptjt02oV
RT @AngryVoters: Erica Garner~Black lives like my father's should matter. I endorse Sanders
#BLACKlivesMatter #IAcaucus #FEELtheBERN
https:…
#BlackLivesMatterToBernie #FeelTheBern #NotMeUs #LatinosConBernie Can you hear us now? R-E-V-O-L-U-T-I-O-N https://t.co/r3MKt9D70P
RT @NavyDad0007: Investigation into #KendrickJohnson Death is in it's 3rd Year Because His Life Mattered #BlackLivesMatter https://t.co/xO4…
RT @sjwjs: #NotMeUs #FeelTheBern #BlackLivesMatter  https://t.co/0klthshaMS
RT @Bernlennials: #blacklivesmatter #NotMeUs #marchforbernie https://t.co/xRBoSynzdU
RT @CaseyBouwhuis: Bernie Sanders: Police Must Be Held Accountable https://t.co/ZI2tKWOebc #BlackLivesMatter #NotMeUs
RT @CityAwakeBoston: #Northeastern professors study role of Twitter in #BlackLivesMatter movement https://t.co/AWx5yJWwfg https://t.co/XdTH…
RT @jimwallis: (2/2) This is America's Original Sin. Read more and join the conversation: https://t.co/gl8WfDvS8o #RepentRacism #BlackLives…
RT @Mullin_Around: This SF protest was timed to coincide with the grand opening of #SuperBowlCity. Follow @Haleaziz for updates. #SB50  htt…
RT @BeautyBind: San Francisco police recite pledge to root out intolerance - https://t.co/Qa4UCcLb23

#BlackLivesMatter  https://t.co/KaA1a…
RT @twinsational: #Kentucky Detention Staff Used Aikido on #GynnaMcMillen Before Her Mysterious Death https://t.co/mwMgGo6T1y via @TheRoot
…
Valentine's day is pagan, find out here. #valentinesday #valentines #blacklivesmatter #hispanicwomen #oscars2016 https://t.co/TPHjE6oLiU
RT @OccupyOakland: These folks are calling for justice 4 #MarioWoods at #SF #SuperBowlCity #SuperBowl #SuperSaturday #BlackLivesMatter http…
RT @joe_stapes: Who killed Matthew McCain? #JusticeForMatt #BlackLivesMatter @InsideOutsideNC https://t.co/NlYpoFYME6
Dutch Schultz #LessonsForMySons Hit Play!  #BlackLivesMatter https://t.co/WeHyKuoK8x
Dutch Schultz #LessonsForMySons Hit Play!  #BlackLivesMatter https://t.co/Eh5IP8Ybz3
Dutch Schultz #LessonsForMySons Hit Play!  #BlackLivesMatter https://t.co/N4hCirtxjs
Dutch Schultz #LessonsForMySons Hit Play!  #BlackLivesMatter https://t.co/Emm3gb9ccx
Dutch Schultz #LessonsForMySons Hit Play!  #BlackLivesMatter https://t.co/fPtN5M5fPR
Dutch Schultz #LessonsForMySons Hit Play!  #BlackLivesMatter https://t.co/bEMBooCR1f
Dutch Schultz #LessonsForMySons Hit Play!  #BlackLivesMatter https://t.co/p0QmtgGHs1
Dutch Schultz #LessonsForMySons Hit Play!  #BlackLivesMatter https://t.co/6sHC34WfGx
Dutch Schultz #LessonsForMySons Hit Play!  #BlackLivesMatter https://t.co/99atLIlpS6
Dutch Schultz #LessonsForMySons Hit Play!  #BlackLivesMatter https://t.co/n6HQQXrQUV
RT @CaseyBouwhuis: Bernie Sanders: Police Must Be Held Accountable https://t.co/ZI2tKWOebc #BlackLivesMatter #NotMeUs
#NotMeUs, DEMAND #Justice4MarioWoods before #SB50. Where do you stand @BernieSanders? #NoJusticeNoSuperbowl! #BlackLivesMatter, #BernieStans
#RT #WhatIf should be on the #Birthofanation #soundtrack - https://t.co/cA03uCx8xC #BlackLivesMatter @nateparker @iampgoods
RT @InsideOutsideNC: Durham takes over the streets #JusticeforMatthew #WeBelievePrisoners #NoMoreJailDeaths
#BlackLivesMatter https://t.co/…
RT @4mysquad: Didn't know this @SenSanders 
#MLK #MLKDay #BlackLivesMatter https://t.co/yko2HKWh5V
RT @OccupyOakland: These folks are calling for justice 4 #MarioWoods at #SF #SuperBowlCity #SuperBowl #SuperSaturday #BlackLivesMatter http…
Anti-killercop protestors hold it down at SF Super Bowl festival #MarioWoods #BlackLivesMatter https://t.co/6UxfbBYwhV
RT @Bernlennials: #blacklivesmatter #NotMeUs #marchforbernie https://t.co/xRBoSynzdU
RT @CaseyBouwhuis: Bernie Sanders: Police Must Be Held Accountable https://t.co/ZI2tKWOebc #BlackLivesMatter #NotMeUs
RT @4mysquad: To see young black women coming together in the face of these ignorant girls is a beautiful thing #BlackLivesMatter https://t…
For blacks, Latinos, and millennials: Bernie is our hope!!
#BlackLivesMatter #FeelTheBern
https://t.co/ZX8Jr0t4rL https://t.co/5NRT696hm7
https://t.co/rQrt6Oa1L4 Failures n corruption  taint #FBI Office/Agents-#BundyRanch #Oregonstandoff #BlackLivesMatter #MLK #Occupy #Walmart
https://t.co/Q8i9A6ixHj Failures n corruption  taint #FBI Office/Agents-#BundyRanch #Oregonstandoff #BlackLivesMatter #MLK #Occupy #Walmart
RT @CaseyBouwhuis: Bernie Sanders: Police Must Be Held Accountable https://t.co/ZI2tKWOebc #BlackLivesMatter #NotMeUs
RT @activist360: MURDERED: Guards use martial arts hold on 16-year-old #GynnyaMcMillen, wait 11 minutes to do CPR https://t.co/BSsVDvXNJG #…
RT @MrLewis915: White Anti-Whites will destroy their own children's future for #WhiteGenocide https://t.co/Tz8qRgZW9h #blacklivesmatter
RT @4mysquad: To see young black women coming together in the face of these ignorant girls is a beautiful thing #BlackLivesMatter https://t…
RT @Bernlennials: #blacklivesmatter #NotMeUs #marchforbernie https://t.co/xRBoSynzdU
RT @Bernlennials: #blacklivesmatter #NotMeUs #marchforbernie https://t.co/xRBoSynzdU
The rest only got within eyeball distance, but these resourceful protesters made it into #SuperBowlCity. @SFWeekly  https://t.co/698yTQizMY
Speaking about statistics on the state of police brutality in the USA versus other countries. #BlackLivesMatter https://t.co/4rVbMU2NeY
RT @Zagga_Zow1: #BlackLivesMatter -how is this not an nsa issue? https://t.co/P9QPWph4sY
#NotMeUs  https://t.co/kO9ASY3cQN
#blacklivesmatter https://t.co/5Ps8yo9hxA
RT @NavyDad0007: Please Remember #IndiaKager &amp; #AngeloPerry Who were gunned down By #VBPD in front of their Child #BlacklivesMatter https:/…
RT @4mysquad: Didn't know this @SenSanders 
#MLK #MLKDay #BlackLivesMatter https://t.co/yko2HKWh5V
"@Bernlennials: #blacklivesmatter #NotMeUs #marchforbernie https://t.co/Xfee4V4UTz" #PoliceUnions #SayHerName #SandraBland #PoliceLiesMatter
RT @Bernlennials: #blacklivesmatter #NotMeUs #marchforbernie https://t.co/xRBoSynzdU
#BlackLivesMatter
RT @NavyDad0007: Please Remember #IndiaKager &amp; #AngeloPerry Who were gunned down By #VBPD in front of their Child #BlacklivesMatter https:/…
Our thoughts on @macklemore #WhitePrivilege #BlackLivesMatter Let's help each other, let's end the hate @MollyofTPD https://t.co/J7NYS9QE29
Thanks for sharing! https://t.co/6yoQd6M924
RT @Xpressionable: Flint Weighs Scope of Harm to Children Caused by Lead in Water https://t.co/4fLR8SVWXr #BlackLivesMatter #BLM #FlintWate…
RT @maxrafaelwaller: "@Bernlennials: #blacklivesmatter #NotMeUs #marchforbernie https://t.co/Xfee4V4UTz" #PoliceUnions #SayHerName #SandraB…
RT @Bernlennials: #blacklivesmatter #NotMeUs #marchforbernie https://t.co/xRBoSynzdU
When I see this, I'm proud of my country #FoxNews #Trump2016 #TedCruz #Bernie2016 #CNN  https://t.co/3hQAfhwZkC
RT @iVote4USA: VIDEO: Why African Americans are on FIRE for Bernie Sanders

https://t.co/HAfwk3sjkB

#NotMeUs #BlackLivesMatter #FeelTheBer…
RT @Haleaziz: "Justice for Mario woods!" as Tupac and Dr. Dre plays in the back. Many singing along. #BlackLivesMatter https://t.co/dmPmxvH…
RT @Bernlennials: #blacklivesmatter #NotMeUs #marchforbernie https://t.co/xRBoSynzdU
RT @activist360: MURDERED: Guards use martial arts hold on 16-year-old #GynnyaMcMillen, wait 11 minutes to do CPR https://t.co/BSsVDvXNJG #…
RT @FreakSoprano: #FeelTheBern #MarchforBernie #nyc #wallst #blacklivesmatter https://t.co/q0twDB4ap7
RT @NoordAfrikandel: #BlackLivesMatter
RT @sjwjs: #NotMeUs #FeelTheBern #BlackLivesMatter  https://t.co/0klthshaMS
#NotMeUs #FeelTheBern #BlackLivesMatter  https://t.co/6oVyynucvx
RT @Justice4MWNow: #justice4amilcar #justice4alexnieto #brownlivesmatter #blacklivesmatter #mariowoods #sb50… https://t.co/fjllDFOhJn
RT @4mysquad: This cop assaulted 13 black women. Now #danielholtzclaw is sentenced to 263 years in prison 
#BlackLivesMatter https://t.co/l…
RT @sjwjs: #NotMeUs #FeelTheBern #BlackLivesMatter  https://t.co/6oVyynucvx
RT @FreakSoprano: #FeelTheBern #MarchforBernie #nyc #wallst #blacklivesmatter https://t.co/q0twDB4ap7
RT @SternFanNation: #RT IF Bill Cosby @BillCosby May Be Guilty
#BlackLivesMatter #BlackHistoryMonth #BlackTwitter #BET
Howard Stern Show ht…
RT @Bernlennials: #blacklivesmatter #NotMeUs #marchforbernie https://t.co/xRBoSynzdU
RT @Haleaziz: Super bowl crowd watches as police block #JusticeForMarioWoods protesters. #blacklivesmatter https://t.co/4kZiuZ9lM4
RT @Bernlennials: #blacklivesmatter #NotMeUs #marchforbernie https://t.co/xRBoSynzdU
RT @sjwjs: #NotMeUs #FeelTheBern #BlackLivesMatter  https://t.co/6oVyynucvx
RT @OccupyOakland: These folks are calling for justice 4 #MarioWoods at #SF #SuperBowlCity #SuperBowl #SuperSaturday #BlackLivesMatter http…
RT @4mysquad: Didn't know this @SenSanders 
#MLK #MLKDay #BlackLivesMatter https://t.co/yko2HKWh5V
RT @OccupyOakland: These folks are calling for justice 4 #MarioWoods at #SF #SuperBowlCity #SuperBowl #SuperSaturday #BlackLivesMatter http…
RT @Patbagley: Thoughts on Track Palin. #PTSD #BLM #BlackLivesMatter https://t.co/a3tqGW2W68
RT @IfSheStans: If she stans ot4 of fifth harmony then she truly believes #blacklivesmatter
RT @Justice4MWNow: #sb50 #justice4mariowoods #blacklivesmatter #mariowoods @ Super Bowl 50 https://t.co/eOxyqBhQTM
Example app listening at http://:::8080
1
2
3
4
5
6
7
8
9
10
11
12
13
14
15
16
17
18
19
20
21
22
23
24
25
26
27
28
29
30
31
32
33
34
35
36
37
38
39
40
41
42
43
44
45
46
47
48
49
50
51
52
53
54
55
56
57
58
59
60
61
62
63
64
65
66
67
68
69
70
71
72
73
74
75
76
77
78
79
80
81
82
83
84
85
86
87
88
89
90
91
